<?xml version="1.0" encoding="UTF-8"?>
<!-- Generated by org.testng.reporters.JUnitReportReporter -->
<testsuite hostname="Aman" failures="0" tests="1" name="com.qainfootest.AppTest" time="0.005" errors="0" timestamp="2025-09-28T10:32:56 IST" skipped="0">
  <testcase classname="com.qainfootest.AppTest" name="shouldAnswerWithTrue" time="0.005"/>
</testsuite> <!-- com.qainfootest.AppTest -->
