<?xml version="1.0" encoding="UTF-8"?>
<!-- Generated by org.testng.reporters.JUnitReportReporter -->
<testsuite hostname="Aman" failures="0" tests="1" name="com.qainfootest.CodingPlaygroundTest" time="23.874" errors="0" timestamp="2025-09-28T10:32:56 IST" skipped="0">
  <testcase classname="com.qainfootest.CodingPlaygroundTest" name="testLanguageSwitchAndCodeEntry" time="23.874"/>
</testsuite> <!-- com.qainfootest.CodingPlaygroundTest -->
